[1109/054544.841:ERROR:file_io.cc(89)] ReadExactly: expected 36, observed 0
[1109/114444.298:ERROR:process_reader_win.cc(182)] ResumeThread: The parameter is incorrect. (0x57)
[1109/114444.299:ERROR:process_reader_win.cc(151)] SuspendThread: Access is denied. (0x5)
[1109/114444.299:ERROR:process_reader_win.cc(151)] SuspendThread: Access is denied. (0x5)
[1109/114444.299:ERROR:process_reader_win.cc(151)] SuspendThread: Access is denied. (0x5)
[1109/114444.299:ERROR:process_reader_win.cc(151)] SuspendThread: Access is denied. (0x5)
[1109/114444.299:ERROR:process_reader_win.cc(151)] SuspendThread: Access is denied. (0x5)
[1109/114444.299:ERROR:process_reader_win.cc(151)] SuspendThread: Access is denied. (0x5)
[1109/114444.299:ERROR:process_reader_win.cc(151)] SuspendThread: Access is denied. (0x5)
[1109/114444.299:ERROR:process_reader_win.cc(151)] SuspendThread: Access is denied. (0x5)
[1109/114444.299:ERROR:process_reader_win.cc(151)] SuspendThread: Access is denied. (0x5)
[1109/114444.299:ERROR:process_reader_win.cc(151)] SuspendThread: Access is denied. (0x5)
[1109/114444.299:ERROR:process_reader_win.cc(151)] SuspendThread: Access is denied. (0x5)
[1109/114444.305:ERROR:file_io_win.cc(161)] CreateFile C:\Users\rc\AppData\Local\Temp\scoped_dir141580_1884726806\Crashpad\settings.dat: The system cannot find the path specified. (0x3)
[1109/114444.305:ERROR:file_io_win.cc(170)] CreateFile C:\Users\rc\AppData\Local\Temp\scoped_dir141580_1884726806\Crashpad\reports\32dcb8b9-0922-4330-975c-927c69ec6539.dmp: The system cannot find the path specified. (0x3)
[1109/114444.305:ERROR:crash_report_exception_handler.cc(97)] PrepareNewCrashReport failed
[1109/115728.776:ERROR:process_reader_win.cc(151)] SuspendThread: Access is denied. (0x5)
[1109/122625.481:ERROR:file_io.cc(89)] ReadExactly: expected 36, observed 0
[1109/211723.163:ERROR:process_reader_win.cc(123)] NtOpenThread: {Access Denied} A process has requested access to an object, but has not been granted those access rights. (0xc0000022)
[1109/211723.198:ERROR:exception_snapshot_win.cc(98)] thread ID 177284 not found in process
[1109/211723.626:ERROR:process_reader_win.cc(151)] SuspendThread: Access is denied. (0x5)
[1109/211723.627:ERROR:process_reader_win.cc(123)] NtOpenThread: {Access Denied} A process has requested access to an object, but has not been granted those access rights. (0xc0000022)
[1109/211723.629:ERROR:exception_snapshot_win.cc(98)] thread ID 185692 not found in process
[1109/222759.266:ERROR:process_reader_win.cc(151)] SuspendThread: Access is denied. (0x5)
[1109/222759.383:ERROR:process_reader_win.cc(151)] SuspendThread: Access is denied. (0x5)
[1109/222759.383:ERROR:process_reader_win.cc(151)] SuspendThread: Access is denied. (0x5)
[1109/222759.383:ERROR:process_reader_win.cc(151)] SuspendThread: Access is denied. (0x5)
[1109/222759.383:ERROR:process_reader_win.cc(151)] SuspendThread: Access is denied. (0x5)
[1109/222759.383:ERROR:process_reader_win.cc(151)] SuspendThread: Access is denied. (0x5)
[1109/222759.383:ERROR:process_reader_win.cc(151)] SuspendThread: Access is denied. (0x5)
[1109/222759.383:ERROR:process_reader_win.cc(151)] SuspendThread: Access is denied. (0x5)
[1109/222759.383:ERROR:process_reader_win.cc(123)] NtOpenThread: {Access Denied} A process has requested access to an object, but has not been granted those access rights. (0xc0000022)
[1109/222759.472:ERROR:exception_snapshot_win.cc(98)] thread ID 216764 not found in process
[1109/222801.201:ERROR:process_reader_win.cc(151)] SuspendThread: Access is denied. (0x5)
[1109/222801.202:ERROR:process_reader_win.cc(123)] NtOpenThread: {Access Denied} A process has requested access to an object, but has not been granted those access rights. (0xc0000022)
[1109/222801.203:ERROR:exception_snapshot_win.cc(98)] thread ID 175140 not found in process
[1109/222801.271:ERROR:process_reader_win.cc(151)] SuspendThread: Access is denied. (0x5)
[1109/222801.272:ERROR:process_reader_win.cc(151)] SuspendThread: Access is denied. (0x5)
[1109/222801.272:ERROR:process_reader_win.cc(151)] SuspendThread: Access is denied. (0x5)
[1109/222801.272:ERROR:process_reader_win.cc(151)] SuspendThread: Access is denied. (0x5)
[1109/222801.272:ERROR:process_reader_win.cc(151)] SuspendThread: Access is denied. (0x5)
[1109/222801.272:ERROR:process_reader_win.cc(151)] SuspendThread: Access is denied. (0x5)
[1109/222801.272:ERROR:process_reader_win.cc(151)] SuspendThread: Access is denied. (0x5)
[1109/222801.272:ERROR:process_reader_win.cc(151)] SuspendThread: Access is denied. (0x5)
[1109/222801.272:ERROR:process_reader_win.cc(151)] SuspendThread: Access is denied. (0x5)
[1109/222801.272:ERROR:process_reader_win.cc(151)] SuspendThread: Access is denied. (0x5)
[1109/222801.272:ERROR:process_reader_win.cc(151)] SuspendThread: Access is denied. (0x5)
[1109/222801.272:ERROR:process_reader_win.cc(151)] SuspendThread: Access is denied. (0x5)
[1109/222801.272:ERROR:process_reader_win.cc(151)] SuspendThread: Access is denied. (0x5)
[1109/222801.272:ERROR:process_reader_win.cc(151)] SuspendThread: Access is denied. (0x5)
[1109/222801.273:ERROR:process_reader_win.cc(151)] SuspendThread: Access is denied. (0x5)
[1109/222801.273:ERROR:process_reader_win.cc(151)] SuspendThread: Access is denied. (0x5)
[1109/222801.273:ERROR:process_reader_win.cc(151)] SuspendThread: Access is denied. (0x5)
[1109/222801.273:ERROR:process_reader_win.cc(151)] SuspendThread: Access is denied. (0x5)
[1109/222801.273:ERROR:process_reader_win.cc(151)] SuspendThread: Access is denied. (0x5)
[1109/222801.273:ERROR:process_reader_win.cc(151)] SuspendThread: Access is denied. (0x5)
[1109/222801.273:ERROR:process_reader_win.cc(151)] SuspendThread: Access is denied. (0x5)
[1109/222801.273:ERROR:process_reader_win.cc(151)] SuspendThread: Access is denied. (0x5)
[1109/222801.273:ERROR:process_reader_win.cc(123)] NtOpenThread: {Access Denied} A process has requested access to an object, but has not been granted those access rights. (0xc0000022)
[1109/222801.274:ERROR:exception_snapshot_win.cc(98)] thread ID 176832 not found in process
[1109/222801.430:ERROR:process_reader_win.cc(151)] SuspendThread: Access is denied. (0x5)
[1109/222801.430:ERROR:process_reader_win.cc(151)] SuspendThread: Access is denied. (0x5)
[1109/222801.430:ERROR:process_reader_win.cc(151)] SuspendThread: Access is denied. (0x5)
[1109/222801.430:ERROR:process_reader_win.cc(151)] SuspendThread: Access is denied. (0x5)
[1109/222801.430:ERROR:process_reader_win.cc(151)] SuspendThread: Access is denied. (0x5)
[1109/222801.431:ERROR:process_reader_win.cc(151)] SuspendThread: Access is denied. (0x5)
[1109/222801.431:ERROR:process_reader_win.cc(151)] SuspendThread: Access is denied. (0x5)
[1109/222801.431:ERROR:process_reader_win.cc(151)] SuspendThread: Access is denied. (0x5)
[1109/222801.431:ERROR:process_reader_win.cc(151)] SuspendThread: Access is denied. (0x5)
[1109/222801.431:ERROR:process_reader_win.cc(151)] SuspendThread: Access is denied. (0x5)
[1109/222801.431:ERROR:process_reader_win.cc(151)] SuspendThread: Access is denied. (0x5)
[1109/222801.431:ERROR:process_reader_win.cc(151)] SuspendThread: Access is denied. (0x5)
[1109/222801.431:ERROR:process_reader_win.cc(151)] SuspendThread: Access is denied. (0x5)
[1109/222801.431:ERROR:process_reader_win.cc(151)] SuspendThread: Access is denied. (0x5)
[1109/222801.431:ERROR:process_reader_win.cc(151)] SuspendThread: Access is denied. (0x5)
[1109/222801.431:ERROR:process_reader_win.cc(151)] SuspendThread: Access is denied. (0x5)
[1109/222801.431:ERROR:process_reader_win.cc(151)] SuspendThread: Access is denied. (0x5)
[1109/222801.431:ERROR:process_reader_win.cc(151)] SuspendThread: Access is denied. (0x5)
[1109/222801.431:ERROR:process_reader_win.cc(123)] NtOpenThread: {Access Denied} A process has requested access to an object, but has not been granted those access rights. (0xc0000022)
[1109/222801.432:ERROR:exception_snapshot_win.cc(98)] thread ID 191728 not found in process
[1109/222801.644:ERROR:process_reader_win.cc(151)] SuspendThread: Access is denied. (0x5)
[1109/222801.646:ERROR:process_reader_win.cc(151)] SuspendThread: Access is denied. (0x5)
[1109/222801.646:ERROR:process_reader_win.cc(151)] SuspendThread: Access is denied. (0x5)
[1109/222801.646:ERROR:process_reader_win.cc(151)] SuspendThread: Access is denied. (0x5)
[1109/222801.646:ERROR:process_reader_win.cc(151)] SuspendThread: Access is denied. (0x5)
[1109/222801.646:ERROR:process_reader_win.cc(151)] SuspendThread: Access is denied. (0x5)
[1109/222801.646:ERROR:process_reader_win.cc(151)] SuspendThread: Access is denied. (0x5)
[1109/222801.646:ERROR:process_reader_win.cc(151)] SuspendThread: Access is denied. (0x5)
[1109/222801.647:ERROR:process_reader_win.cc(151)] SuspendThread: Access is denied. (0x5)
[1109/222801.647:ERROR:process_reader_win.cc(151)] SuspendThread: Access is denied. (0x5)
[1109/222801.647:ERROR:process_reader_win.cc(151)] SuspendThread: Access is denied. (0x5)
[1109/222801.647:ERROR:process_reader_win.cc(151)] SuspendThread: Access is denied. (0x5)
[1109/222801.647:ERROR:process_reader_win.cc(151)] SuspendThread: Access is denied. (0x5)
[1109/222801.647:ERROR:process_reader_win.cc(151)] SuspendThread: Access is denied. (0x5)
[1109/222801.647:ERROR:process_reader_win.cc(151)] SuspendThread: Access is denied. (0x5)
[1109/222801.647:ERROR:process_reader_win.cc(151)] SuspendThread: Access is denied. (0x5)
[1109/222801.647:ERROR:process_reader_win.cc(151)] SuspendThread: Access is denied. (0x5)
[1109/222801.647:ERROR:process_reader_win.cc(151)] SuspendThread: Access is denied. (0x5)
[1109/222801.647:ERROR:process_reader_win.cc(151)] SuspendThread: Access is denied. (0x5)
[1109/222801.647:ERROR:process_reader_win.cc(123)] NtOpenThread: {Access Denied} A process has requested access to an object, but has not been granted those access rights. (0xc0000022)
[1109/222801.648:ERROR:exception_snapshot_win.cc(98)] thread ID 226116 not found in process
[1109/222802.079:ERROR:process_reader_win.cc(151)] SuspendThread: Access is denied. (0x5)
[1109/222802.246:ERROR:process_reader_win.cc(151)] SuspendThread: Access is denied. (0x5)
[1109/222802.246:ERROR:process_reader_win.cc(151)] SuspendThread: Access is denied. (0x5)
[1109/222802.247:ERROR:process_reader_win.cc(123)] NtOpenThread: {Access Denied} A process has requested access to an object, but has not been granted those access rights. (0xc0000022)
[1109/222802.431:ERROR:exception_snapshot_win.cc(98)] thread ID 227308 not found in process
[1109/222802.503:ERROR:process_reader_win.cc(151)] SuspendThread: Access is denied. (0x5)
[1109/222802.504:ERROR:process_reader_win.cc(151)] SuspendThread: Access is denied. (0x5)
[1109/222802.504:ERROR:process_reader_win.cc(151)] SuspendThread: Access is denied. (0x5)
[1109/222802.504:ERROR:process_reader_win.cc(151)] SuspendThread: Access is denied. (0x5)
[1109/222802.504:ERROR:process_reader_win.cc(151)] SuspendThread: Access is denied. (0x5)
[1109/222802.504:ERROR:process_reader_win.cc(151)] SuspendThread: Access is denied. (0x5)
[1109/222802.504:ERROR:process_reader_win.cc(151)] SuspendThread: Access is denied. (0x5)
[1109/222802.504:ERROR:process_reader_win.cc(151)] SuspendThread: Access is denied. (0x5)
[1109/222802.504:ERROR:process_reader_win.cc(151)] SuspendThread: Access is denied. (0x5)
[1109/222802.504:ERROR:process_reader_win.cc(151)] SuspendThread: Access is denied. (0x5)
[1109/222802.504:ERROR:process_reader_win.cc(151)] SuspendThread: Access is denied. (0x5)
[1109/222802.505:ERROR:process_reader_win.cc(151)] SuspendThread: Access is denied. (0x5)
[1109/222802.505:ERROR:process_reader_win.cc(151)] SuspendThread: Access is denied. (0x5)
[1109/222802.505:ERROR:process_reader_win.cc(151)] SuspendThread: Access is denied. (0x5)
[1109/222802.505:ERROR:process_reader_win.cc(151)] SuspendThread: Access is denied. (0x5)
[1109/222802.505:ERROR:process_reader_win.cc(151)] SuspendThread: Access is denied. (0x5)
[1109/222802.505:ERROR:process_reader_win.cc(151)] SuspendThread: Access is denied. (0x5)
[1109/222802.505:ERROR:process_reader_win.cc(151)] SuspendThread: Access is denied. (0x5)
[1109/222802.505:ERROR:process_reader_win.cc(151)] SuspendThread: Access is denied. (0x5)
[1109/222802.505:ERROR:process_reader_win.cc(151)] SuspendThread: Access is denied. (0x5)
[1109/222802.524:ERROR:process_reader_win.cc(123)] NtOpenThread: {Access Denied} A process has requested access to an object, but has not been granted those access rights. (0xc0000022)
[1109/222802.569:ERROR:exception_snapshot_win.cc(98)] thread ID 199496 not found in process
[1109/222802.647:ERROR:process_reader_win.cc(151)] SuspendThread: Access is denied. (0x5)
[1109/222802.648:ERROR:process_reader_win.cc(151)] SuspendThread: Access is denied. (0x5)
[1109/222802.648:ERROR:process_reader_win.cc(151)] SuspendThread: Access is denied. (0x5)
[1109/222802.648:ERROR:process_reader_win.cc(151)] SuspendThread: Access is denied. (0x5)
[1109/222802.648:ERROR:process_reader_win.cc(151)] SuspendThread: Access is denied. (0x5)
[1109/222802.648:ERROR:process_reader_win.cc(151)] SuspendThread: Access is denied. (0x5)
[1109/222802.648:ERROR:process_reader_win.cc(151)] SuspendThread: Access is denied. (0x5)
[1109/222802.648:ERROR:process_reader_win.cc(151)] SuspendThread: Access is denied. (0x5)
[1109/222802.649:ERROR:process_reader_win.cc(151)] SuspendThread: Access is denied. (0x5)
[1109/222802.649:ERROR:process_reader_win.cc(151)] SuspendThread: Access is denied. (0x5)
[1109/222802.649:ERROR:process_reader_win.cc(151)] SuspendThread: Access is denied. (0x5)
[1109/222802.649:ERROR:process_reader_win.cc(151)] SuspendThread: Access is denied. (0x5)
[1109/222802.649:ERROR:process_reader_win.cc(151)] SuspendThread: Access is denied. (0x5)
[1109/222802.649:ERROR:process_reader_win.cc(151)] SuspendThread: Access is denied. (0x5)
[1109/222802.649:ERROR:process_reader_win.cc(151)] SuspendThread: Access is denied. (0x5)
[1109/222802.649:ERROR:process_reader_win.cc(151)] SuspendThread: Access is denied. (0x5)
[1109/222802.649:ERROR:process_reader_win.cc(151)] SuspendThread: Access is denied. (0x5)
[1109/222802.649:ERROR:process_reader_win.cc(151)] SuspendThread: Access is denied. (0x5)
[1109/222802.649:ERROR:process_reader_win.cc(151)] SuspendThread: Access is denied. (0x5)
[1109/222802.649:ERROR:process_reader_win.cc(151)] SuspendThread: Access is denied. (0x5)
[1109/222802.649:ERROR:process_reader_win.cc(151)] SuspendThread: Access is denied. (0x5)
[1109/222802.649:ERROR:process_reader_win.cc(151)] SuspendThread: Access is denied. (0x5)
[1109/222802.649:ERROR:process_reader_win.cc(123)] NtOpenThread: {Access Denied} A process has requested access to an object, but has not been granted those access rights. (0xc0000022)
[1109/222802.697:ERROR:exception_snapshot_win.cc(98)] thread ID 211848 not found in process
[1109/222802.775:ERROR:process_reader_win.cc(151)] SuspendThread: Access is denied. (0x5)
[1109/222802.785:ERROR:process_reader_win.cc(151)] SuspendThread: Access is denied. (0x5)
[1109/222802.785:ERROR:process_reader_win.cc(151)] SuspendThread: Access is denied. (0x5)
[1109/222802.785:ERROR:process_reader_win.cc(151)] SuspendThread: Access is denied. (0x5)
[1109/222802.785:ERROR:process_reader_win.cc(151)] SuspendThread: Access is denied. (0x5)
[1109/222802.785:ERROR:process_reader_win.cc(151)] SuspendThread: Access is denied. (0x5)
[1109/222802.786:ERROR:process_reader_win.cc(151)] SuspendThread: Access is denied. (0x5)
[1109/222802.786:ERROR:process_reader_win.cc(151)] SuspendThread: Access is denied. (0x5)
[1109/222802.786:ERROR:process_reader_win.cc(151)] SuspendThread: Access is denied. (0x5)
[1109/222802.786:ERROR:process_reader_win.cc(151)] SuspendThread: Access is denied. (0x5)
[1109/222802.786:ERROR:process_reader_win.cc(151)] SuspendThread: Access is denied. (0x5)
[1109/222802.786:ERROR:process_reader_win.cc(151)] SuspendThread: Access is denied. (0x5)
[1109/222802.786:ERROR:process_reader_win.cc(151)] SuspendThread: Access is denied. (0x5)
[1109/222802.786:ERROR:process_reader_win.cc(151)] SuspendThread: Access is denied. (0x5)
[1109/222802.786:ERROR:process_reader_win.cc(151)] SuspendThread: Access is denied. (0x5)
[1109/222802.786:ERROR:process_reader_win.cc(151)] SuspendThread: Access is denied. (0x5)
[1109/222802.786:ERROR:process_reader_win.cc(151)] SuspendThread: Access is denied. (0x5)
[1109/222802.786:ERROR:process_reader_win.cc(151)] SuspendThread: Access is denied. (0x5)
[1109/222802.786:ERROR:process_reader_win.cc(151)] SuspendThread: Access is denied. (0x5)
[1109/222802.786:ERROR:process_reader_win.cc(151)] SuspendThread: Access is denied. (0x5)
[1109/222802.786:ERROR:process_reader_win.cc(151)] SuspendThread: Access is denied. (0x5)
[1109/222802.786:ERROR:process_reader_win.cc(151)] SuspendThread: Access is denied. (0x5)
[1109/222802.786:ERROR:process_reader_win.cc(123)] NtOpenThread: {Access Denied} A process has requested access to an object, but has not been granted those access rights. (0xc0000022)
[1109/222802.948:ERROR:exception_snapshot_win.cc(98)] thread ID 178492 not found in process
[1109/222803.294:ERROR:process_reader_win.cc(151)] SuspendThread: Access is denied. (0x5)
[1109/222803.295:ERROR:process_reader_win.cc(151)] SuspendThread: Access is denied. (0x5)
[1109/222803.296:ERROR:process_reader_win.cc(151)] SuspendThread: Access is denied. (0x5)
[1109/222803.296:ERROR:process_reader_win.cc(151)] SuspendThread: Access is denied. (0x5)
[1109/222803.296:ERROR:process_reader_win.cc(151)] SuspendThread: Access is denied. (0x5)
[1109/222803.296:ERROR:process_reader_win.cc(151)] SuspendThread: Access is denied. (0x5)
[1109/222803.296:ERROR:process_reader_win.cc(151)] SuspendThread: Access is denied. (0x5)
[1109/222803.296:ERROR:process_reader_win.cc(151)] SuspendThread: Access is denied. (0x5)
[1109/222803.296:ERROR:process_reader_win.cc(151)] SuspendThread: Access is denied. (0x5)
[1109/222803.296:ERROR:process_reader_win.cc(151)] SuspendThread: Access is denied. (0x5)
[1109/222803.296:ERROR:process_reader_win.cc(151)] SuspendThread: Access is denied. (0x5)
[1109/222803.296:ERROR:process_reader_win.cc(151)] SuspendThread: Access is denied. (0x5)
[1109/222803.296:ERROR:process_reader_win.cc(151)] SuspendThread: Access is denied. (0x5)
[1109/222803.296:ERROR:process_reader_win.cc(151)] SuspendThread: Access is denied. (0x5)
[1109/222803.296:ERROR:process_reader_win.cc(123)] NtOpenThread: {Access Denied} A process has requested access to an object, but has not been granted those access rights. (0xc0000022)
[1109/222803.301:ERROR:exception_snapshot_win.cc(98)] thread ID 228632 not found in process
[1109/222803.440:ERROR:process_reader_win.cc(151)] SuspendThread: Access is denied. (0x5)
[1109/222803.441:ERROR:process_reader_win.cc(151)] SuspendThread: Access is denied. (0x5)
[1109/222803.441:ERROR:process_reader_win.cc(151)] SuspendThread: Access is denied. (0x5)
[1109/222803.441:ERROR:process_reader_win.cc(151)] SuspendThread: Access is denied. (0x5)
[1109/222803.441:ERROR:process_reader_win.cc(151)] SuspendThread: Access is denied. (0x5)
[1109/222803.441:ERROR:process_reader_win.cc(151)] SuspendThread: Access is denied. (0x5)
[1109/222803.441:ERROR:process_reader_win.cc(151)] SuspendThread: Access is denied. (0x5)
[1109/222803.441:ERROR:process_reader_win.cc(151)] SuspendThread: Access is denied. (0x5)
[1109/222803.441:ERROR:process_reader_win.cc(123)] NtOpenThread: {Access Denied} A process has requested access to an object, but has not been granted those access rights. (0xc0000022)
[1109/222803.535:ERROR:exception_snapshot_win.cc(98)] thread ID 231212 not found in process
[1109/222803.616:ERROR:process_reader_win.cc(151)] SuspendThread: Access is denied. (0x5)
[1109/222803.618:ERROR:process_reader_win.cc(151)] SuspendThread: Access is denied. (0x5)
[1109/222803.618:ERROR:process_reader_win.cc(151)] SuspendThread: Access is denied. (0x5)
[1109/222803.618:ERROR:process_reader_win.cc(151)] SuspendThread: Access is denied. (0x5)
[1109/222803.618:ERROR:process_reader_win.cc(151)] SuspendThread: Access is denied. (0x5)
[1109/222803.618:ERROR:process_reader_win.cc(151)] SuspendThread: Access is denied. (0x5)
[1109/222803.618:ERROR:process_reader_win.cc(151)] SuspendThread: Access is denied. (0x5)
[1109/222803.618:ERROR:process_reader_win.cc(151)] SuspendThread: Access is denied. (0x5)
[1109/222803.618:ERROR:process_reader_win.cc(151)] SuspendThread: Access is denied. (0x5)
[1109/222803.618:ERROR:process_reader_win.cc(151)] SuspendThread: Access is denied. (0x5)
[1109/222803.618:ERROR:process_reader_win.cc(151)] SuspendThread: Access is denied. (0x5)
[1109/222803.618:ERROR:process_reader_win.cc(151)] SuspendThread: Access is denied. (0x5)
[1109/222803.618:ERROR:process_reader_win.cc(151)] SuspendThread: Access is denied. (0x5)
[1109/222803.618:ERROR:process_reader_win.cc(151)] SuspendThread: Access is denied. (0x5)
[1109/222803.618:ERROR:process_reader_win.cc(151)] SuspendThread: Access is denied. (0x5)
[1109/222803.618:ERROR:process_reader_win.cc(151)] SuspendThread: Access is denied. (0x5)
[1109/222803.618:ERROR:process_reader_win.cc(151)] SuspendThread: Access is denied. (0x5)
[1109/222803.618:ERROR:process_reader_win.cc(151)] SuspendThread: Access is denied. (0x5)
[1109/222803.618:ERROR:process_reader_win.cc(151)] SuspendThread: Access is denied. (0x5)
[1109/222803.618:ERROR:process_reader_win.cc(151)] SuspendThread: Access is denied. (0x5)
[1109/222803.618:ERROR:process_reader_win.cc(151)] SuspendThread: Access is denied. (0x5)
[1109/222803.618:ERROR:process_reader_win.cc(151)] SuspendThread: Access is denied. (0x5)
[1109/222803.618:ERROR:process_reader_win.cc(123)] NtOpenThread: {Access Denied} A process has requested access to an object, but has not been granted those access rights. (0xc0000022)
[1109/222803.737:ERROR:exception_snapshot_win.cc(98)] thread ID 227032 not found in process
[1109/222803.875:ERROR:process_reader_win.cc(151)] SuspendThread: Access is denied. (0x5)
[1109/222803.876:ERROR:process_reader_win.cc(151)] SuspendThread: Access is denied. (0x5)
[1109/222803.876:ERROR:process_reader_win.cc(151)] SuspendThread: Access is denied. (0x5)
[1109/222803.876:ERROR:process_reader_win.cc(151)] SuspendThread: Access is denied. (0x5)
[1109/222803.876:ERROR:process_reader_win.cc(123)] NtOpenThread: {Access Denied} A process has requested access to an object, but has not been granted those access rights. (0xc0000022)
[1109/222803.960:ERROR:exception_snapshot_win.cc(98)] thread ID 210188 not found in process
[1109/222804.030:ERROR:process_reader_win.cc(151)] SuspendThread: Access is denied. (0x5)
[1109/222804.032:ERROR:process_reader_win.cc(151)] SuspendThread: Access is denied. (0x5)
[1109/222804.032:ERROR:process_reader_win.cc(151)] SuspendThread: Access is denied. (0x5)
[1109/222804.032:ERROR:process_reader_win.cc(151)] SuspendThread: Access is denied. (0x5)
[1109/222804.032:ERROR:process_reader_win.cc(151)] SuspendThread: Access is denied. (0x5)
[1109/222804.032:ERROR:process_reader_win.cc(151)] SuspendThread: Access is denied. (0x5)
[1109/222804.032:ERROR:process_reader_win.cc(151)] SuspendThread: Access is denied. (0x5)
[1109/222804.032:ERROR:process_reader_win.cc(151)] SuspendThread: Access is denied. (0x5)
[1109/222804.032:ERROR:process_reader_win.cc(151)] SuspendThread: Access is denied. (0x5)
[1109/222804.032:ERROR:process_reader_win.cc(151)] SuspendThread: Access is denied. (0x5)
[1109/222804.032:ERROR:process_reader_win.cc(151)] SuspendThread: Access is denied. (0x5)
[1109/222804.032:ERROR:process_reader_win.cc(151)] SuspendThread: Access is denied. (0x5)
[1109/222804.032:ERROR:process_reader_win.cc(151)] SuspendThread: Access is denied. (0x5)
[1109/222804.032:ERROR:process_reader_win.cc(151)] SuspendThread: Access is denied. (0x5)
[1109/222804.032:ERROR:process_reader_win.cc(151)] SuspendThread: Access is denied. (0x5)
[1109/222804.032:ERROR:process_reader_win.cc(151)] SuspendThread: Access is denied. (0x5)
[1109/222804.032:ERROR:process_reader_win.cc(151)] SuspendThread: Access is denied. (0x5)
[1109/222804.032:ERROR:process_reader_win.cc(123)] NtOpenThread: {Access Denied} A process has requested access to an object, but has not been granted those access rights. (0xc0000022)
[1109/222804.034:ERROR:exception_snapshot_win.cc(98)] thread ID 209472 not found in process
[1109/222804.114:ERROR:process_reader_win.cc(151)] SuspendThread: Access is denied. (0x5)
[1109/222804.115:ERROR:process_reader_win.cc(151)] SuspendThread: Access is denied. (0x5)
[1109/222804.115:ERROR:process_reader_win.cc(151)] SuspendThread: Access is denied. (0x5)
[1109/222804.115:ERROR:process_reader_win.cc(151)] SuspendThread: Access is denied. (0x5)
[1109/222804.115:ERROR:process_reader_win.cc(123)] NtOpenThread: {Access Denied} A process has requested access to an object, but has not been granted those access rights. (0xc0000022)
[1109/222804.153:ERROR:exception_snapshot_win.cc(98)] thread ID 195244 not found in process
[1109/222804.233:ERROR:process_reader_win.cc(151)] SuspendThread: Access is denied. (0x5)
[1109/222804.235:ERROR:process_reader_win.cc(151)] SuspendThread: Access is denied. (0x5)
[1109/222804.235:ERROR:process_reader_win.cc(151)] SuspendThread: Access is denied. (0x5)
[1109/222804.235:ERROR:process_reader_win.cc(151)] SuspendThread: Access is denied. (0x5)
[1109/222804.235:ERROR:process_reader_win.cc(123)] NtOpenThread: {Access Denied} A process has requested access to an object, but has not been granted those access rights. (0xc0000022)
[1109/222804.315:ERROR:exception_snapshot_win.cc(98)] thread ID 181968 not found in process
[1109/222804.379:ERROR:process_reader_win.cc(151)] SuspendThread: Access is denied. (0x5)
[1109/222804.381:ERROR:process_reader_win.cc(151)] SuspendThread: Access is denied. (0x5)
[1109/222804.381:ERROR:process_reader_win.cc(151)] SuspendThread: Access is denied. (0x5)
[1109/222804.381:ERROR:process_reader_win.cc(151)] SuspendThread: Access is denied. (0x5)
[1109/222804.381:ERROR:process_reader_win.cc(151)] SuspendThread: Access is denied. (0x5)
[1109/222804.381:ERROR:process_reader_win.cc(123)] NtOpenThread: {Access Denied} A process has requested access to an object, but has not been granted those access rights. (0xc0000022)
[1109/222804.476:ERROR:exception_snapshot_win.cc(98)] thread ID 188848 not found in process
[1109/222804.547:ERROR:process_reader_win.cc(151)] SuspendThread: Access is denied. (0x5)
[1109/222804.548:ERROR:process_reader_win.cc(151)] SuspendThread: Access is denied. (0x5)
[1109/222804.548:ERROR:process_reader_win.cc(151)] SuspendThread: Access is denied. (0x5)
[1109/222804.548:ERROR:process_reader_win.cc(123)] NtOpenThread: {Access Denied} A process has requested access to an object, but has not been granted those access rights. (0xc0000022)
[1109/222804.607:ERROR:exception_snapshot_win.cc(98)] thread ID 197704 not found in process
[1109/222804.687:ERROR:process_reader_win.cc(151)] SuspendThread: Access is denied. (0x5)
[1109/222804.688:ERROR:process_reader_win.cc(151)] SuspendThread: Access is denied. (0x5)
[1109/222804.689:ERROR:process_reader_win.cc(151)] SuspendThread: Access is denied. (0x5)
[1109/222804.689:ERROR:process_reader_win.cc(123)] NtOpenThread: {Access Denied} A process has requested access to an object, but has not been granted those access rights. (0xc0000022)
[1109/222804.689:ERROR:exception_snapshot_win.cc(98)] thread ID 225304 not found in process
[1109/222804.803:ERROR:process_reader_win.cc(151)] SuspendThread: Access is denied. (0x5)
[1109/222804.809:ERROR:process_reader_win.cc(151)] SuspendThread: Access is denied. (0x5)
[1109/222804.809:ERROR:process_reader_win.cc(151)] SuspendThread: Access is denied. (0x5)
[1109/222804.809:ERROR:process_reader_win.cc(123)] NtOpenThread: {Access Denied} A process has requested access to an object, but has not been granted those access rights. (0xc0000022)
[1109/222804.810:ERROR:exception_snapshot_win.cc(98)] thread ID 211236 not found in process
[1109/222804.881:ERROR:process_reader_win.cc(151)] SuspendThread: Access is denied. (0x5)
[1109/222804.884:ERROR:process_reader_win.cc(151)] SuspendThread: Access is denied. (0x5)
[1109/222804.884:ERROR:process_reader_win.cc(151)] SuspendThread: Access is denied. (0x5)
[1109/222804.884:ERROR:process_reader_win.cc(151)] SuspendThread: Access is denied. (0x5)
[1109/222804.884:ERROR:process_reader_win.cc(123)] NtOpenThread: {Access Denied} A process has requested access to an object, but has not been granted those access rights. (0xc0000022)
[1109/222804.887:ERROR:exception_snapshot_win.cc(98)] thread ID 163440 not found in process
[1109/222804.962:ERROR:process_reader_win.cc(151)] SuspendThread: Access is denied. (0x5)
[1109/222804.975:ERROR:process_reader_win.cc(151)] SuspendThread: Access is denied. (0x5)
[1109/222804.975:ERROR:process_reader_win.cc(151)] SuspendThread: Access is denied. (0x5)
[1109/222804.975:ERROR:process_reader_win.cc(151)] SuspendThread: Access is denied. (0x5)
[1109/222804.975:ERROR:process_reader_win.cc(151)] SuspendThread: Access is denied. (0x5)
[1109/222804.976:ERROR:process_reader_win.cc(123)] NtOpenThread: {Access Denied} A process has requested access to an object, but has not been granted those access rights. (0xc0000022)
[1109/222804.977:ERROR:exception_snapshot_win.cc(98)] thread ID 230172 not found in process
[1109/222805.051:ERROR:process_reader_win.cc(151)] SuspendThread: Access is denied. (0x5)
[1109/222805.053:ERROR:process_reader_win.cc(151)] SuspendThread: Access is denied. (0x5)
[1109/222805.053:ERROR:process_reader_win.cc(151)] SuspendThread: Access is denied. (0x5)
[1109/222805.053:ERROR:process_reader_win.cc(123)] NtOpenThread: {Access Denied} A process has requested access to an object, but has not been granted those access rights. (0xc0000022)
[1109/222805.054:ERROR:exception_snapshot_win.cc(98)] thread ID 114976 not found in process
[1109/222805.128:ERROR:process_reader_win.cc(151)] SuspendThread: Access is denied. (0x5)
[1109/222805.132:ERROR:process_reader_win.cc(151)] SuspendThread: Access is denied. (0x5)
[1109/222805.132:ERROR:process_reader_win.cc(123)] NtOpenThread: {Access Denied} A process has requested access to an object, but has not been granted those access rights. (0xc0000022)
[1109/222805.133:ERROR:exception_snapshot_win.cc(98)] thread ID 205548 not found in process
[1109/222805.200:ERROR:process_reader_win.cc(151)] SuspendThread: Access is denied. (0x5)
[1109/222805.201:ERROR:process_reader_win.cc(151)] SuspendThread: Access is denied. (0x5)
[1109/222805.201:ERROR:process_reader_win.cc(151)] SuspendThread: Access is denied. (0x5)
[1109/222805.201:ERROR:process_reader_win.cc(151)] SuspendThread: Access is denied. (0x5)
[1109/222805.201:ERROR:process_reader_win.cc(151)] SuspendThread: Access is denied. (0x5)
[1109/222805.201:ERROR:process_reader_win.cc(151)] SuspendThread: Access is denied. (0x5)
[1109/222805.201:ERROR:process_reader_win.cc(151)] SuspendThread: Access is denied. (0x5)
[1109/222805.201:ERROR:process_reader_win.cc(151)] SuspendThread: Access is denied. (0x5)
[1109/222805.201:ERROR:process_reader_win.cc(123)] NtOpenThread: {Access Denied} A process has requested access to an object, but has not been granted those access rights. (0xc0000022)
[1109/222805.203:ERROR:exception_snapshot_win.cc(98)] thread ID 209124 not found in process
[1109/222805.270:ERROR:process_reader_win.cc(151)] SuspendThread: Access is denied. (0x5)
[1109/222805.272:ERROR:process_reader_win.cc(151)] SuspendThread: Access is denied. (0x5)
[1109/222805.272:ERROR:process_reader_win.cc(151)] SuspendThread: Access is denied. (0x5)
[1109/222805.272:ERROR:process_reader_win.cc(151)] SuspendThread: Access is denied. (0x5)
[1109/222805.272:ERROR:process_reader_win.cc(151)] SuspendThread: Access is denied. (0x5)
[1109/222805.272:ERROR:process_reader_win.cc(151)] SuspendThread: Access is denied. (0x5)
[1109/222805.272:ERROR:process_reader_win.cc(151)] SuspendThread: Access is denied. (0x5)
[1109/222805.272:ERROR:process_reader_win.cc(123)] NtOpenThread: {Access Denied} A process has requested access to an object, but has not been granted those access rights. (0xc0000022)
[1109/222805.273:ERROR:exception_snapshot_win.cc(98)] thread ID 230364 not found in process
[1109/222805.358:ERROR:process_reader_win.cc(123)] NtOpenThread: {Access Denied} A process has requested access to an object, but has not been granted those access rights. (0xc0000022)
[1109/222805.362:ERROR:exception_snapshot_win.cc(98)] thread ID 230580 not found in process
[1110/001325.628:ERROR:file_io.cc(89)] ReadExactly: expected 36, observed 0
[1110/015121.423:ERROR:file_io.cc(89)] ReadExactly: expected 36, observed 0
[1110/015121.452:ERROR:file_io.cc(89)] ReadExactly: expected 36, observed 0
[1110/015121.563:ERROR:file_io.cc(89)] ReadExactly: expected 36, observed 0
[1110/015214.251:ERROR:scoped_process_suspend.cc(40)] NtResumeProcess: An attempt was made to access an exiting process. (0xc000010a)
[1110/015225.439:ERROR:file_io.cc(89)] ReadExactly: expected 36, observed 0
[1110/115403.724:ERROR:process_reader_win.cc(182)] ResumeThread: The parameter is incorrect. (0x57)
[1110/115403.725:ERROR:process_reader_win.cc(151)] SuspendThread: Access is denied. (0x5)
[1110/115403.725:ERROR:process_reader_win.cc(151)] SuspendThread: Access is denied. (0x5)
[1110/115403.725:ERROR:process_reader_win.cc(151)] SuspendThread: Access is denied. (0x5)
[1110/115403.725:ERROR:process_reader_win.cc(151)] SuspendThread: Access is denied. (0x5)
[1110/115403.725:ERROR:process_reader_win.cc(151)] SuspendThread: Access is denied. (0x5)
[1110/115403.725:ERROR:process_reader_win.cc(151)] SuspendThread: Access is denied. (0x5)
[1110/115403.725:ERROR:process_reader_win.cc(151)] SuspendThread: Access is denied. (0x5)
[1110/115403.725:ERROR:process_reader_win.cc(151)] SuspendThread: Access is denied. (0x5)
[1110/115403.957:ERROR:scoped_process_suspend.cc(40)] NtResumeProcess: An attempt was made to access an exiting process. (0xc000010a)
[1110/120033.411:ERROR:file_io.cc(89)] ReadExactly: expected 36, observed 0
[1110/120033.419:ERROR:file_io.cc(89)] ReadExactly: expected 36, observed 0
[1110/120033.424:ERROR:file_io.cc(89)] ReadExactly: expected 36, observed 0
[1110/120226.317:ERROR:file_io.cc(89)] ReadExactly: expected 36, observed 0
[1110/121504.259:ERROR:process_reader_win.cc(151)] SuspendThread: Access is denied. (0x5)
[1110/121504.261:ERROR:exception_snapshot_win.cc(98)] thread ID 208040 not found in process
[1110/122558.162:ERROR:file_io.cc(89)] ReadExactly: expected 36, observed 0
[1110/124200.547:ERROR:file_io.cc(89)] ReadExactly: expected 36, observed 0
[1110/124235.975:ERROR:file_io.cc(89)] ReadExactly: expected 36, observed 0
[1110/124905.158:ERROR:process_reader_win.cc(182)] ResumeThread: The parameter is incorrect. (0x57)
[1110/124905.277:ERROR:process_reader_win.cc(151)] SuspendThread: Access is denied. (0x5)
[1110/124905.277:ERROR:process_reader_win.cc(151)] SuspendThread: Access is denied. (0x5)
[1110/124905.277:ERROR:process_reader_win.cc(151)] SuspendThread: Access is denied. (0x5)
[1110/124905.277:ERROR:process_reader_win.cc(151)] SuspendThread: Access is denied. (0x5)
[1110/124905.277:ERROR:process_reader_win.cc(151)] SuspendThread: Access is denied. (0x5)
[1110/124905.277:ERROR:process_reader_win.cc(151)] SuspendThread: Access is denied. (0x5)
[1110/124905.277:ERROR:process_reader_win.cc(151)] SuspendThread: Access is denied. (0x5)
[1110/124905.277:ERROR:process_reader_win.cc(151)] SuspendThread: Access is denied. (0x5)
[1110/124905.277:ERROR:process_reader_win.cc(151)] SuspendThread: Access is denied. (0x5)
[1110/124905.277:ERROR:process_reader_win.cc(151)] SuspendThread: Access is denied. (0x5)
[1110/124905.278:ERROR:process_reader_win.cc(151)] SuspendThread: Access is denied. (0x5)
[1110/124905.298:ERROR:file_io_win.cc(161)] CreateFile C:\Users\rc\AppData\Local\Temp\scoped_dir189900_1743034948\Crashpad\settings.dat: The system cannot find the path specified. (0x3)
[1110/124905.298:ERROR:file_io_win.cc(170)] CreateFile C:\Users\rc\AppData\Local\Temp\scoped_dir189900_1743034948\Crashpad\reports\8161019c-7292-4f79-a479-90cc5e867e86.dmp: The system cannot find the path specified. (0x3)
[1110/124905.298:ERROR:crash_report_exception_handler.cc(97)] PrepareNewCrashReport failed
[1110/132101.052:ERROR:file_io.cc(89)] ReadExactly: expected 36, observed 0
[1110/132101.052:ERROR:file_io.cc(89)] ReadExactly: expected 36, observed 0
[1110/132228.988:ERROR:process_reader_win.cc(151)] SuspendThread: Access is denied. (0x5)
[1110/132228.999:ERROR:process_reader_win.cc(123)] NtOpenThread: {Access Denied} A process has requested access to an object, but has not been granted those access rights. (0xc0000022)
[1110/132229.187:ERROR:exception_snapshot_win.cc(98)] thread ID 226420 not found in process
[1110/132229.430:ERROR:process_reader_win.cc(151)] SuspendThread: Access is denied. (0x5)
[1110/132229.438:ERROR:process_reader_win.cc(123)] NtOpenThread: {Access Denied} A process has requested access to an object, but has not been granted those access rights. (0xc0000022)
[1110/132229.449:ERROR:exception_snapshot_win.cc(98)] thread ID 232904 not found in process
[1110/132239.244:ERROR:file_io.cc(89)] ReadExactly: expected 36, observed 0
[1110/133055.662:ERROR:file_io.cc(89)] ReadExactly: expected 36, observed 0
[1110/175108.512:ERROR:file_io.cc(89)] ReadExactly: expected 36, observed 0
[1110/175108.519:ERROR:file_io.cc(89)] ReadExactly: expected 36, observed 0
[1110/175807.570:ERROR:file_io.cc(89)] ReadExactly: expected 36, observed 0
[1110/180433.223:ERROR:file_io.cc(89)] ReadExactly: expected 36, observed 0
[1110/180617.421:ERROR:file_io.cc(89)] ReadExactly: expected 36, observed 0
[1110/181615.188:ERROR:file_io.cc(89)] ReadExactly: expected 36, observed 0
[1110/181819.600:ERROR:file_io.cc(89)] ReadExactly: expected 36, observed 0
[1110/182813.080:ERROR:file_io.cc(134)] WriteFile: The pipe is being closed. (0xE8)
[1110/182813.077:ERROR:file_io.cc(134)] WriteFile: The pipe is being closed. (0xE8)
[1110/184506.563:ERROR:file_io.cc(134)] WriteFile: The pipe is being closed. (0xE8)
[1110/184506.558:ERROR:file_io.cc(134)] WriteFile: The pipe is being closed. (0xE8)
[1110/190717.465:ERROR:file_io.cc(134)] WriteFile: The pipe is being closed. (0xE8)
[1110/191007.966:ERROR:file_io.cc(89)] ReadExactly: expected 36, observed 0
[1110/191011.729:ERROR:file_io.cc(134)] WriteFile: The pipe is being closed. (0xE8)
[1110/191129.489:ERROR:file_io.cc(89)] ReadExactly: expected 36, observed 0
[1110/191231.978:ERROR:file_io.cc(89)] ReadExactly: expected 36, observed 0
[1110/191752.781:ERROR:file_io.cc(134)] WriteFile: The pipe is being closed. (0xE8)
[1110/192710.479:ERROR:file_io.cc(134)] WriteFile: The pipe is being closed. (0xE8)
[1110/192956.898:ERROR:file_io.cc(134)] WriteFile: The pipe is being closed. (0xE8)
[1110/192956.898:ERROR:file_io.cc(134)] WriteFile: The pipe is being closed. (0xE8)
[1110/193601.303:ERROR:file_io.cc(134)] WriteFile: The pipe is being closed. (0xE8)
[1110/194205.203:ERROR:file_io.cc(134)] WriteFile: The pipe is being closed. (0xE8)
[1110/194351.109:ERROR:file_io.cc(89)] ReadExactly: expected 36, observed 0
[1110/195323.120:ERROR:file_io.cc(89)] ReadExactly: expected 36, observed 0
[1110/195533.018:ERROR:file_io.cc(134)] WriteFile: The pipe is being closed. (0xE8)
[1110/195829.347:ERROR:file_io.cc(134)] WriteFile: The pipe is being closed. (0xE8)
[1111/100107.296:ERROR:file_io.cc(89)] ReadExactly: expected 36, observed 0
[1111/100212.399:ERROR:file_io.cc(134)] WriteFile: The pipe is being closed. (0xE8)
[1111/100443.438:ERROR:file_io.cc(89)] ReadExactly: expected 36, observed 0
[1111/100723.711:ERROR:file_io.cc(89)] ReadExactly: expected 36, observed 0
[1111/101137.851:ERROR:file_io.cc(89)] ReadExactly: expected 36, observed 0
[1111/101754.398:ERROR:file_io.cc(89)] ReadExactly: expected 36, observed 0
[1111/130119.840:ERROR:process_reader_win.cc(123)] NtOpenThread: {Access Denied} A process has requested access to an object, but has not been granted those access rights. (0xc0000022)
[1111/130119.847:ERROR:exception_snapshot_win.cc(98)] thread ID 316008 not found in process
[1111/130119.966:ERROR:process_reader_win.cc(123)] NtOpenThread: {Access Denied} A process has requested access to an object, but has not been granted those access rights. (0xc0000022)
[1111/130119.967:ERROR:exception_snapshot_win.cc(98)] thread ID 322316 not found in process
[1111/130120.058:ERROR:process_reader_win.cc(123)] NtOpenThread: {Access Denied} A process has requested access to an object, but has not been granted those access rights. (0xc0000022)
[1111/130120.059:ERROR:exception_snapshot_win.cc(98)] thread ID 278148 not found in process
[1111/132425.921:ERROR:file_io.cc(89)] ReadExactly: expected 36, observed 0
